This file contains any messages produced by compilers while
running configure, to aid debugging if configure makes a mistake.

It was created by configure, which was
generated by GNU Autoconf 2.69.  Invocation command line was

  $ ./configure --enable-gdb-stub LDFLAGS=pthread

## --------- ##
## Platform. ##
## --------- ##

hostname = csce410-VirtualBox
uname -m = x86_64
uname -r = 5.11.0-34-generic
uname -s = Linux
uname -v = #36~20.04.1-Ubuntu SMP Fri Aug 27 08:06:32 UTC 2021

/usr/bin/uname -p = x86_64
/bin/uname -X     = unknown

/bin/arch              = x86_64
/usr/bin/arch -k       = unknown
/usr/convex/getsysinfo = unknown
/usr/bin/hostinfo      = unknown
/bin/machine           = unknown
/usr/bin/oslevel       = unknown
/bin/universe          = unknown

PATH: /usr/local/sbin
PATH: /usr/local/bin
PATH: /usr/sbin
PATH: /usr/bin
PATH: /sbin
PATH: /bin
PATH: /snap/bin


## ----------- ##
## Core tests. ##
## ----------- ##

configure:3230: checking build system type
configure:3244: result: x86_64-unknown-linux-gnu
configure:3264: checking host system type
configure:3277: result: x86_64-unknown-linux-gnu
configure:3297: checking target system type
configure:3310: result: x86_64-unknown-linux-gnu
configure:3337: checking if you are configuring for another platform
configure:3344: result: no
configure:3409: checking for standard CFLAGS on this platform
configure:3411: result: 
configure:3481: checking for gcc
configure:3497: found /usr/bin/gcc
configure:3508: result: gcc
configure:3737: checking for C compiler version
configure:3746: gcc --version >&5
gcc (Ubuntu 9.3.0-17ubuntu1~20.04) 9.3.0
Copyright (C) 2019 Free Software Foundation, Inc.
This is free software; see the source for copying conditions.  There is NO
warranty; not even for MERCHANTABILITY or FITNESS FOR A PARTICULAR PURPOSE.

configure:3757: $? = 0
configure:3746: gcc -v >&5
Using built-in specs.
COLLECT_GCC=gcc
COLLECT_LTO_WRAPPER=/usr/lib/gcc/x86_64-linux-gnu/9/lto-wrapper
OFFLOAD_TARGET_NAMES=nvptx-none:hsa
OFFLOAD_TARGET_DEFAULT=1
Target: x86_64-linux-gnu
Configured with: ../src/configure -v --with-pkgversion='Ubuntu 9.3.0-17ubuntu1~20.04' --with-bugurl=file:///usr/share/doc/gcc-9/README.Bugs --enable-languages=c,ada,c++,go,brig,d,fortran,objc,obj-c++,gm2 --prefix=/usr --with-gcc-major-version-only --program-suffix=-9 --program-prefix=x86_64-linux-gnu- --enable-shared --enable-linker-build-id --libexecdir=/usr/lib --without-included-gettext --enable-threads=posix --libdir=/usr/lib --enable-nls --enable-clocale=gnu --enable-libstdcxx-debug --enable-libstdcxx-time=yes --with-default-libstdcxx-abi=new --enable-gnu-unique-object --disable-vtable-verify --enable-plugin --enable-default-pie --with-system-zlib --with-target-system-zlib=auto --enable-objc-gc=auto --enable-multiarch --disable-werror --with-arch-32=i686 --with-abi=m64 --with-multilib-list=m32,m64,mx32 --enable-multilib --with-tune=generic --enable-offload-targets=nvptx-none=/build/gcc-9-HskZEa/gcc-9-9.3.0/debian/tmp-nvptx/usr,hsa --without-cuda-driver --enable-checking=release --build=x86_64-linux-gnu --host=x86_64-linux-gnu --target=x86_64-linux-gnu
Thread model: posix
gcc version 9.3.0 (Ubuntu 9.3.0-17ubuntu1~20.04) 
configure:3757: $? = 0
configure:3746: gcc -V >&5
gcc: error: unrecognized command line option '-V'
gcc: fatal error: no input files
compilation terminated.
configure:3757: $? = 1
configure:3746: gcc -qversion >&5
gcc: error: unrecognized command line option '-qversion'; did you mean '--version'?
gcc: fatal error: no input files
compilation terminated.
configure:3757: $? = 1
configure:3777: checking whether the C compiler works
configure:3799: gcc   pthread conftest.c  >&5
gcc: error: pthread: No such file or directory
configure:3803: $? = 1
configure:3841: result: no
configure: failed program was:
| /* confdefs.h */
| #define PACKAGE_NAME ""
| #define PACKAGE_TARNAME ""
| #define PACKAGE_VERSION ""
| #define PACKAGE_STRING ""
| #define PACKAGE_BUGREPORT ""
| #define PACKAGE_URL ""
| /* end confdefs.h.  */
| 
| int
| main ()
| {
| 
|   ;
|   return 0;
| }
configure:3846: error: in `/home/csce410/Documents/MP2/bochs-2.6.11':
configure:3848: error: C compiler cannot create executables
See `config.log' for more details

## ---------------- ##
## Cache variables. ##
## ---------------- ##

ac_cv_build=x86_64-unknown-linux-gnu
ac_cv_env_CCC_set=
ac_cv_env_CCC_value=
ac_cv_env_CC_set=
ac_cv_env_CC_value=
ac_cv_env_CFLAGS_set=
ac_cv_env_CFLAGS_value=
ac_cv_env_CPPFLAGS_set=
ac_cv_env_CPPFLAGS_value=
ac_cv_env_CPP_set=
ac_cv_env_CPP_value=
ac_cv_env_CXXCPP_set=
ac_cv_env_CXXCPP_value=
ac_cv_env_CXXFLAGS_set=
ac_cv_env_CXXFLAGS_value=
ac_cv_env_CXX_set=
ac_cv_env_CXX_value=
ac_cv_env_F77_set=
ac_cv_env_F77_value=
ac_cv_env_FFLAGS_set=
ac_cv_env_FFLAGS_value=
ac_cv_env_LDFLAGS_set=set
ac_cv_env_LDFLAGS_value=pthread
ac_cv_env_LIBS_set=
ac_cv_env_LIBS_value=
ac_cv_env_XMKMF_set=
ac_cv_env_XMKMF_value=
ac_cv_env_build_alias_set=
ac_cv_env_build_alias_value=
ac_cv_env_host_alias_set=
ac_cv_env_host_alias_value=
ac_cv_env_target_alias_set=
ac_cv_env_target_alias_value=
ac_cv_host=x86_64-unknown-linux-gnu
ac_cv_prog_ac_ct_CC=gcc
ac_cv_target=x86_64-unknown-linux-gnu

## ----------------- ##
## Output variables. ##
## ----------------- ##

ALSA_SOUND_LINK_OPTS=''
AR=''
AVX_LIB_VAR=''
BOCHS_BITS='0'
BUILD_DOCBOOK_VAR=''
BUSM_OBJS=''
BXHUB_FLAG=''
BXHUB_LINK_OPTS=''
BXIMAGE_FLAG=''
BXIMAGE_LINK_OPTS=''
BX_LARGE_RAMFILE=''
BX_USE_IDLE_HACK=''
CC='gcc'
CDROM_OBJS=''
CD_UP_ONE=''
CD_UP_THREE=''
CD_UP_TWO=''
CFLAGS=''
CFP=''
CLEAN_DOCBOOK_VAR=''
CLEAN_PCIDEV_VAR=''
COMMAND_SEPARATOR=''
CPP=''
CPPFLAGS=''
CPP_SUFFIX=''
CXX=''
CXXCPP=''
CXXFLAGS=''
CXXFLAGS_CONSOLE=''
CXXFP=''
DASH=''
DEBUGGER_VAR=''
DEFINE_PLUGIN_PATH=''
DEFS=''
DEPMOD=''
DEVICE_LINK_OPTS=''
DIALOG_OBJS=''
DISASM_VAR=''
DISPLAY_DLL_TARGETS=''
DISPLAY_EXTRA_OBJS=''
DISPLAY_LIB_VAR=''
DISPLAY_OBJS=''
DOCBOOK2HTML=''
ECHO='echo'
ECHO_C=''
ECHO_N='-n'
ECHO_T=''
EGREP=''
ENH_DBG_OBJS=''
EXE=''
EXEEXT=''
EXPORT_DYNAMIC=''
EXTERNAL_DEPENDENCY=''
EXTRA_BX_OBJS=''
EXTRA_LINK_OPTS=''
EXT_MSVC_DLL_RULES=''
F77=''
FFLAGS=''
FLEX=''
FPU_VAR=''
GAME_OBJS=''
GDBSTUB_VAR=''
GREP=''
GUI_CFLAGS=''
GUI_CXXFLAGS=''
GUI_DLL_TARGETS=''
GUI_LINK_OPTS=''
GUI_LINK_OPTS_SDL2=''
GUI_LINK_OPTS_SDL=''
GUI_LINK_OPTS_TERM=''
GUI_LINK_OPTS_VNCSRV=''
GUI_LINK_OPTS_WX=''
GUI_NON_PLUGIN_OBJS=''
GUI_OBJS=''
GUI_PLUGIN_OBJS=''
GZIP=''
HDIMAGE_LIB_VAR=''
IASL=''
INLINE_VAR=''
INSMOD=''
INSTALL_DOCBOOK_VAR=''
INSTALL_LIST_FOR_PLATFORM=''
INSTALL_PLUGINS_VAR=''
INSTALL_TARGET=''
INSTRUMENT_DIR=''
INSTRUMENT_VAR=''
IODEBUG_OBJS=''
IODEV_DLL_TARGETS=''
IODEV_EXT_NON_PLUGIN_OBJS=''
IODEV_EXT_PLUGIN_OBJS=''
IODEV_LIB_VAR=''
IODEV_NON_PLUGIN_OBJS=''
IODEV_PLUGIN_OBJS=''
KERNELDIR=''
KERNEL_MODULE_SUFFIX=''
LDFLAGS='pthread'
LIBADD_DL=''
LIBOBJS=''
LIBS=''
LIBTOOL=''
LIBVNCSERVER_CONFIG=''
LINK=''
LINK_CONSOLE=''
LINK_DLL=''
LINK_VAR=''
LN_S=''
LSMOD=''
LTLIBOBJS=''
MAKELIB=''
NETDEV_DLL_TARGETS=''
NETDEV_OBJS=''
NETLOW_OBJS=''
NETWORK_LIB_VAR=''
NONINLINE_VAR=''
NONPLUGIN_GUI_LINK_OPTS=''
NO_FLEX_YACC=''
OBJEXT=''
OBJS64=''
OFP=''
OPTIONAL_TARGET=''
PACKAGE_BUGREPORT=''
PACKAGE_NAME=''
PACKAGE_STRING=''
PACKAGE_TARNAME=''
PACKAGE_URL=''
PACKAGE_VERSION=''
PATH_SEPARATOR=':'
PCIDEV_MODULE_MAKE_ALL=''
PCI_OBJS=''
PKGCONFIG=''
PLUGIN_LIB=''
PLUGIN_LIBNAME_TRANSFORMATION=''
PLUGIN_TARGET=''
PLUGIN_TARGET_2=''
PLUGIN_VAR=''
PRIMARY_TARGET=''
PTHREAD_CC=''
PTHREAD_CFLAGS=''
PTHREAD_LIBS=''
RANLIB=''
RC_CMD=''
READLINE_LIB=''
REL_STRING='Built from SVN snapshot on January 5, 2020'
REL_TIMESTAMP='Sun Jan  5 08:36:00 CET 2020'
RFB_LIBS=''
RMCOMMAND=''
RMMOD=''
SDL_SOUND_LINK_OPTS=''
SET_MAKE=''
SHELL='/bin/bash'
SLASH=''
SOUNDHW_DLL_TARGETS=''
SOUNDHW_OBJS=''
SOUNDLOW_OBJS=''
SOUND_LIB_VAR=''
STRIP=''
SUFFIX_LINE=''
TAR=''
TOOLKIT_CXXFLAGS=''
USBHC_DLL_TARGETS=''
USBHC_OBJS=''
USB_LIB_VAR=''
VERSION='2.6.11'
VER_MAJOR='2'
VER_MINOR='6'
VER_REVISION='11'
VER_SVN='0'
WGET=''
WIN32_DLL_IMPORT_LIB=''
WX_CFLAGS=''
WX_CONFIG=''
WX_CXXFLAGS=''
XMKMF=''
X_CFLAGS=''
X_EXTRA_LIBS=''
X_LIBS=''
X_PRE_LIBS=''
YACC=''
ac_ct_CC='gcc'
ac_ct_CXX=''
ac_ct_F77=''
bindir='${exec_prefix}/bin'
build='x86_64-unknown-linux-gnu'
build_alias=''
build_cpu='x86_64'
build_os='linux-gnu'
build_vendor='unknown'
datadir='${datarootdir}'
datarootdir='${prefix}/share'
docdir='${datarootdir}/doc/${PACKAGE}'
dvidir='${docdir}'
exec_prefix='NONE'
host='x86_64-unknown-linux-gnu'
host_alias=''
host_cpu='x86_64'
host_os='linux-gnu'
host_vendor='unknown'
htmldir='${docdir}'
includedir='${prefix}/include'
infodir='${datarootdir}/info'
libdir='${exec_prefix}/lib'
libexecdir='${exec_prefix}/libexec'
localedir='${datarootdir}/locale'
localstatedir='${prefix}/var'
mandir='${datarootdir}/man'
oldincludedir='/usr/include'
pdfdir='${docdir}'
prefix='NONE'
program_transform_name='s,x,x,'
psdir='${docdir}'
sbindir='${exec_prefix}/sbin'
sharedstatedir='${prefix}/com'
sysconfdir='${prefix}/etc'
target='x86_64-unknown-linux-gnu'
target_alias=''
target_cpu='x86_64'
target_os='linux-gnu'
target_vendor='unknown'

## ----------- ##
## confdefs.h. ##
## ----------- ##

/* confdefs.h */
#define PACKAGE_NAME ""
#define PACKAGE_TARNAME ""
#define PACKAGE_VERSION ""
#define PACKAGE_STRING ""
#define PACKAGE_BUGREPORT ""
#define PACKAGE_URL ""

configure: exit 77
